[debug] [2021-01-14T14:34:43.437Z] ----------------------------------------------------------------------
[debug] [2021-01-14T14:34:43.439Z] Command:       C:\Program Files\nodejs\node.exe C:\Users\Tyler.Darsey\AppData\Roaming\npm\node_modules\firebase-tools\lib\bin\firebase.js init
[debug] [2021-01-14T14:34:43.440Z] CLI Version:   9.2.0
[debug] [2021-01-14T14:34:43.440Z] Platform:      win32
[debug] [2021-01-14T14:34:43.440Z] Node Version:  v12.18.2
[debug] [2021-01-14T14:34:43.441Z] Time:          Thu Jan 14 2021 08:34:43 GMT-0600 (Central Standard Time)
[debug] [2021-01-14T14:34:43.441Z] ----------------------------------------------------------------------
[debug] [2021-01-14T14:34:43.441Z] 
[debug] [2021-01-14T14:34:43.446Z] > command requires scopes: ["email","openid","https://www.googleapis.com/auth/cloudplatformprojects.readonly","https://www.googleapis.com/auth/firebase","https://www.googleapis.com/auth/cloud-platform"]
[debug] [2021-01-14T14:34:43.447Z] > authorizing via signed-in user
[info] 
     ######## #### ########  ######## ########     ###     ######  ########
     ##        ##  ##     ## ##       ##     ##  ##   ##  ##       ##
     ######    ##  ########  ######   ########  #########  ######  ######
     ##        ##  ##    ##  ##       ##     ## ##     ##       ## ##
     ##       #### ##     ## ######## ########  ##     ##  ######  ########

You're about to initialize a Firebase project in this directory:

  C:\Users\Tyler.Darsey\Projects\TailBass

Before we get started, keep in mind:

  * You are initializing in an existing Firebase project directory

